<?xml version="1.0" encoding="UTF-8"?>
<!-- Generated by org.testng.reporters.JUnitReportReporter -->
<testsuite hostname="Rintu" failures="0" tests="1" name="cucumber.TestngRunner" time="10.048" errors="0" timestamp="2023-09-28T01:37:11 IST" skipped="0">
  <testcase classname="cucumber.TestngRunner" name="runScenario" time="10.048"/>
</testsuite> <!-- cucumber.TestngRunner -->
