<?xml version="1.0" encoding="UTF-8"?>
<!-- Generated by org.testng.reporters.JUnitReportReporter -->
<testsuite hostname="Rintu" failures="0" tests="3" name="EcommerceFramework.Tests.SubmitTest" time="77.422" errors="0" timestamp="2023-09-27T00:57:15 IST" skipped="0">
  <testcase classname="EcommerceFramework.Tests.SubmitTest" name="orderVerification" time="18.507"/>
  <testcase classname="EcommerceFramework.Tests.SubmitTest" name="submitOrderTest" time="25.236"/>
  <testcase classname="EcommerceFramework.Tests.SubmitTest" name="submitOrderTest" time="33.679"/>
</testsuite> <!-- EcommerceFramework.Tests.SubmitTest -->
