<?xml version="1.0" encoding="UTF-8"?>
<!-- Generated by org.testng.reporters.JUnitReportReporter -->
<testsuite hostname="Rintu" failures="0" tests="1" name="cucumber.TestngRunner" time="40.151" errors="0" timestamp="2023-09-28T01:41:16 IST" skipped="0">
  <testcase classname="cucumber.TestngRunner" name="runScenario" time="40.151"/>
</testsuite> <!-- cucumber.TestngRunner -->
