<?xml version="1.0" encoding="UTF-8"?>
<!-- Generated by org.testng.reporters.JUnitReportReporter -->
<testsuite hostname="Rintu" failures="0" tests="1" name="EcommerceFramework.Tests.ErrorValidationTest" time="12.718" errors="0" timestamp="2023-09-27T01:45:52 IST" skipped="0">
  <testcase classname="EcommerceFramework.Tests.ErrorValidationTest" name="loginErrorValidation" time="12.718"/>
</testsuite> <!-- EcommerceFramework.Tests.ErrorValidationTest -->
