<?xml version="1.0" encoding="UTF-8"?>
<!-- Generated by org.testng.reporters.JUnitReportReporter -->
<testsuite hostname="Rintu" failures="0" tests="2" name="EcommerceFramework.Tests.SubmitTest" time="50.146" errors="0" timestamp="2023-09-27T01:45:52 IST" skipped="0">
  <testcase classname="EcommerceFramework.Tests.SubmitTest" name="submitOrderTest" time="23.781"/>
  <testcase classname="EcommerceFramework.Tests.SubmitTest" name="submitOrderTest" time="26.365"/>
</testsuite> <!-- EcommerceFramework.Tests.SubmitTest -->
